<?xml version="1.0" encoding="UTF-8"?>
<!-- Generated by org.testng.reporters.JUnitXMLReporter -->
<testsuite ignored="0" hostname="DESKTOP-UKFMVAS" failures="1" tests="6" name="Default test(failed)" time="0.161" errors="0" timestamp="2025-06-18T00:06:24 GMT-07:00">
  <testcase classname="InvoiceTest" name="activateSim" time="0.026">
    <skipped/>
  </testcase> <!-- activateSim -->
  <testcase classname="InvoiceTest" name="activateSim" time="0.003">
    <skipped/>
  </testcase> <!-- activateSim -->
  <testcase classname="InvoiceTest" name="activateSim" time="0.006">
    <skipped/>
  </testcase> <!-- activateSim -->
  <testcase classname="InvoiceTest" name="activateSim" time="0.003">
    <skipped/>
  </testcase> <!-- activateSim -->
  <testcase classname="InvoiceTest" name="activateSim" time="0.003">
    <skipped/>
  </testcase> <!-- activateSim -->
  <testcase classname="InvoiceTest" name="activateSim" time="0.004">
    <failure type="junit.framework.ComparisonFailure" message="expected:&amp;lt;[]&amp;gt; but was:&amp;lt;[Login]&amp;gt;">
      <![CDATA[junit.framework.ComparisonFailure: expected:<[]> but was:<[Login]>
at junit.framework.Assert.assertEquals(Assert.java:85)
at junit.framework.Assert.assertEquals(Assert.java:91)
at InvoiceTest.activateSim(InvoiceTest.java:11)
at java.base/java.util.ArrayList.forEach(ArrayList.java:1597)
... Removed 25 stack frames]]>
    </failure>
  </testcase> <!-- activateSim -->
</testsuite> <!-- Default test(failed) -->
