<?xml version="1.0" encoding="UTF-8"?>
<!-- Generated by org.testng.reporters.JUnitXMLReporter -->
<testsuite ignored="2" hostname="DESKTOP-UKFMVAS" failures="0" tests="4" name="TestRunner-2" time="117.549" errors="0" timestamp="2025-06-05T05:23:47 GMT-07:00">
  <testcase classname="com.comcast.crm.orgTest.CreateOrganisationTest" name="createOrgWithIndustryTest" time="7.06"/>
  <testcase classname="com.comcast.crm.orgTest.CreateOrganisationTest" name="createorgTest" time="5.487"/>
  <testcase classname="com.comcast.crm.contactTest.CreateContactTest" name="createContactTest" time="5.295"/>
  <testcase classname="com.comcast.crm.contactTest.CreateContactTest" name="createContactWithOrgTest" time="11.483"/>
  <testcase classname="com.comcast.crm.baseTest.BaseClass" name="@AfterSuite configAs" time="0.0">
    <ignored/>
  </testcase> <!-- @AfterSuite configAs -->
  <testcase classname="com.comcast.crm.baseTest.BaseClass" name="@BeforeSuite configBs" time="0.0">
    <ignored/>
  </testcase> <!-- @BeforeSuite configBs -->
</testsuite> <!-- TestRunner-2 -->
