<?xml version="1.0" encoding="UTF-8"?>
<!-- Generated by org.testng.reporters.JUnitXMLReporter -->
<testsuite ignored="0" hostname="DESKTOP-UKFMVAS" failures="0" tests="2" name="Test2" time="0.194" errors="0" timestamp="2025-06-05T05:16:14 GMT-07:00">
  <testcase classname="com.comcast.crm.contactTest.CreateContactTest" name="createContactTest" time="0.0">
    <skipped/>
  </testcase> <!-- createContactTest -->
  <testcase classname="com.comcast.crm.contactTest.CreateContactTest" name="createContactWithOrgTest" time="0.002">
    <skipped/>
  </testcase> <!-- createContactWithOrgTest -->
</testsuite> <!-- Test2 -->
