<?xml version="1.0" encoding="UTF-8"?>
<!-- Generated by org.testng.reporters.JUnitXMLReporter -->
<testsuite ignored="0" hostname="DESKTOP-UKFMVAS" failures="0" tests="5" name="Test1" time="0.146" errors="0" timestamp="2025-01-08T21:17:28 GMT-08:00">
  <testcase classname="test_Ng.Program2" name="launchGoogle" time="0.002"/>
  <testcase classname="test_Ng.Program1" name="function1" time="0.004"/>
  <testcase classname="test_Ng.Program1" name="function2" time="0.009"/>
  <testcase classname="test_Ng.Program1" name="method1" time="0.005"/>
  <testcase classname="test_Ng.Program1" name="method2" time="0.007"/>
</testsuite> <!-- Test1 -->
