<?xml version="1.0" encoding="UTF-8"?>
<testng-results ignored="0" total="5" passed="5" failed="0" skipped="0">
  <reporter-output>
  </reporter-output>
  <suite started-at="2025-01-06T02:03:46 GMT-08:00" name="Default suite" finished-at="2025-01-06T02:03:46 GMT-08:00" duration-ms="171">
    <groups>
    </groups>
    <test started-at="2025-01-06T02:03:46 GMT-08:00" name="Default test" finished-at="2025-01-06T02:03:46 GMT-08:00" duration-ms="171">
      <class name="test_Ng.Program5">
        <test-method signature="method1(java.lang.String,java.lang.String)[pri:0, instance:test_Ng.Program5@bcec361]" started-at="2025-01-06T02:03:46 GMT-08:00" name="method1" data-provider="getData" finished-at="2025-01-06T02:03:46 GMT-08:00" duration-ms="19" status="PASS">
          <params>
            <param index="0">
              <value>
                <![CDATA[username1]]>
              </value>
            </param>
            <param index="1">
              <value>
                <![CDATA[password1]]>
              </value>
            </param>
          </params>
          <reporter-output>
          </reporter-output>
        </test-method> <!-- method1 -->
        <test-method signature="method1(java.lang.String,java.lang.String)[pri:0, instance:test_Ng.Program5@bcec361]" started-at="2025-01-06T02:03:46 GMT-08:00" name="method1" data-provider="getData" finished-at="2025-01-06T02:03:46 GMT-08:00" duration-ms="11" status="PASS">
          <params>
            <param index="0">
              <value>
                <![CDATA[username2]]>
              </value>
            </param>
            <param index="1">
              <value>
                <![CDATA[password2]]>
              </value>
            </param>
          </params>
          <reporter-output>
          </reporter-output>
        </test-method> <!-- method1 -->
        <test-method signature="method1(java.lang.String,java.lang.String)[pri:0, instance:test_Ng.Program5@bcec361]" started-at="2025-01-06T02:03:46 GMT-08:00" name="method1" data-provider="getData" finished-at="2025-01-06T02:03:46 GMT-08:00" duration-ms="8" status="PASS">
          <params>
            <param index="0">
              <value>
                <![CDATA[username3]]>
              </value>
            </param>
            <param index="1">
              <value>
                <![CDATA[password3]]>
              </value>
            </param>
          </params>
          <reporter-output>
          </reporter-output>
        </test-method> <!-- method1 -->
        <test-method signature="method1(java.lang.String,java.lang.String)[pri:0, instance:test_Ng.Program5@bcec361]" started-at="2025-01-06T02:03:46 GMT-08:00" name="method1" data-provider="getData" finished-at="2025-01-06T02:03:46 GMT-08:00" duration-ms="8" status="PASS">
          <params>
            <param index="0">
              <value>
                <![CDATA[username4]]>
              </value>
            </param>
            <param index="1">
              <value>
                <![CDATA[password4]]>
              </value>
            </param>
          </params>
          <reporter-output>
          </reporter-output>
        </test-method> <!-- method1 -->
        <test-method signature="method1(java.lang.String,java.lang.String)[pri:0, instance:test_Ng.Program5@bcec361]" started-at="2025-01-06T02:03:46 GMT-08:00" name="method1" data-provider="getData" finished-at="2025-01-06T02:03:46 GMT-08:00" duration-ms="5" status="PASS">
          <params>
            <param index="0">
              <value>
                <![CDATA[username5]]>
              </value>
            </param>
            <param index="1">
              <value>
                <![CDATA[password5]]>
              </value>
            </param>
          </params>
          <reporter-output>
          </reporter-output>
        </test-method> <!-- method1 -->
      </class> <!-- test_Ng.Program5 -->
    </test> <!-- Default test -->
  </suite> <!-- Default suite -->
</testng-results>
