<?xml version="1.0" encoding="UTF-8"?>
<!-- Generated by org.testng.reporters.JUnitXMLReporter -->
<testsuite ignored="0" hostname="DESKTOP-UKFMVAS" failures="0" tests="5" name="Default test" time="0.171" errors="0" timestamp="2025-01-06T02:03:46 GMT-08:00">
  <testcase classname="test_Ng.Program5" name="method1" time="0.019"/>
  <testcase classname="test_Ng.Program5" name="method1" time="0.011"/>
  <testcase classname="test_Ng.Program5" name="method1" time="0.008"/>
  <testcase classname="test_Ng.Program5" name="method1" time="0.008"/>
  <testcase classname="test_Ng.Program5" name="method1" time="0.005"/>
</testsuite> <!-- Default test -->
