<?xml version="1.0" encoding="UTF-8"?>
<testng-results ignored="0" total="1" passed="1" failed="0" skipped="0">
  <reporter-output>
  </reporter-output>
  <suite started-at="2025-07-02T04:52:20 GMT-07:00" name="Default suite" finished-at="2025-07-02T04:52:46 GMT-07:00" duration-ms="25999">
    <groups>
      <group name="smoke">
        <method signature="CreateContactTest.createContactTest()[pri:0, instance:com.comcast.crm.contactTest.CreateContactTest@77f80c04]" name="createContactTest" class="com.comcast.crm.contactTest.CreateContactTest"/>
      </group> <!-- smoke -->
    </groups>
    <test started-at="2025-07-02T04:52:20 GMT-07:00" name="Default test" finished-at="2025-07-02T04:52:46 GMT-07:00" duration-ms="25999">
      <class name="com.comcast.crm.contactTest.CreateContactTest">
        <test-method is-config="true" signature="configBs()[pri:0, instance:com.comcast.crm.contactTest.CreateContactTest@77f80c04]" started-at="2025-07-02T04:52:20 GMT-07:00" name="configBs" finished-at="2025-07-02T04:52:20 GMT-07:00" duration-ms="21" status="PASS">
          <reporter-output>
          </reporter-output>
        </test-method> <!-- configBs -->
        <test-method is-config="true" signature="configBc()[pri:0, instance:com.comcast.crm.contactTest.CreateContactTest@77f80c04]" started-at="2025-07-02T04:52:20 GMT-07:00" name="configBc" finished-at="2025-07-02T04:52:24 GMT-07:00" duration-ms="4100" status="PASS">
          <reporter-output>
          </reporter-output>
        </test-method> <!-- configBc -->
        <test-method is-config="true" signature="configBm()[pri:0, instance:com.comcast.crm.contactTest.CreateContactTest@77f80c04]" started-at="2025-07-02T04:52:25 GMT-07:00" name="configBm" finished-at="2025-07-02T04:52:34 GMT-07:00" duration-ms="9665" status="PASS">
          <reporter-output>
          </reporter-output>
        </test-method> <!-- configBm -->
        <test-method signature="createContactTest()[pri:0, instance:com.comcast.crm.contactTest.CreateContactTest@77f80c04]" started-at="2025-07-02T04:52:34 GMT-07:00" name="createContactTest" finished-at="2025-07-02T04:52:44 GMT-07:00" duration-ms="10222" status="PASS">
          <reporter-output>
          </reporter-output>
        </test-method> <!-- createContactTest -->
        <test-method is-config="true" signature="configAm()[pri:0, instance:com.comcast.crm.contactTest.CreateContactTest@77f80c04]" started-at="2025-07-02T04:52:44 GMT-07:00" name="configAm" finished-at="2025-07-02T04:52:46 GMT-07:00" duration-ms="1138" status="PASS">
          <reporter-output>
          </reporter-output>
        </test-method> <!-- configAm -->
        <test-method is-config="true" signature="configAc()[pri:0, instance:com.comcast.crm.contactTest.CreateContactTest@77f80c04]" started-at="2025-07-02T04:52:46 GMT-07:00" name="configAc" finished-at="2025-07-02T04:52:46 GMT-07:00" duration-ms="733" status="PASS">
          <reporter-output>
          </reporter-output>
        </test-method> <!-- configAc -->
        <test-method is-config="true" signature="configAs()[pri:0, instance:com.comcast.crm.contactTest.CreateContactTest@77f80c04]" started-at="2025-07-02T04:52:46 GMT-07:00" name="configAs" finished-at="2025-07-02T04:52:46 GMT-07:00" duration-ms="2" status="PASS">
          <reporter-output>
          </reporter-output>
        </test-method> <!-- configAs -->
      </class> <!-- com.comcast.crm.contactTest.CreateContactTest -->
    </test> <!-- Default test -->
  </suite> <!-- Default suite -->
</testng-results>
