<?xml version="1.0" encoding="UTF-8"?>
<testng-results ignored="0" total="1" passed="1" failed="0" skipped="0">
  <reporter-output>
  </reporter-output>
  <suite started-at="2025-02-28T10:21:51 GMT-08:00" name="Default suite" finished-at="2025-02-28T10:23:37 GMT-08:00" duration-ms="106065">
    <groups>
    </groups>
    <test started-at="2025-02-28T10:21:51 GMT-08:00" name="Default test" finished-at="2025-02-28T10:23:37 GMT-08:00" duration-ms="106065">
      <class name="com.vtiger.test.scripts.ValidateAccountCreation">
        <test-method is-config="true" signature="reportConfig()[pri:0, instance:com.vtiger.test.scripts.ValidateAccountCreation@3c3d9b6b]" started-at="2025-02-28T10:21:50 GMT-08:00" name="reportConfig" finished-at="2025-02-28T10:21:51 GMT-08:00" duration-ms="1625" status="PASS">
          <reporter-output>
          </reporter-output>
        </test-method> <!-- reportConfig -->
        <test-method is-config="true" signature="initDriver()[pri:0, instance:com.vtiger.test.scripts.ValidateAccountCreation@3c3d9b6b]" started-at="2025-02-28T10:21:52 GMT-08:00" name="initDriver" finished-at="2025-02-28T10:22:49 GMT-08:00" duration-ms="57641" status="PASS">
          <reporter-output>
          </reporter-output>
        </test-method> <!-- initDriver -->
        <test-method signature="VarifyAccountCreationFromMarketingPage()[pri:0, instance:com.vtiger.test.scripts.ValidateAccountCreation@3c3d9b6b]" started-at="2025-02-28T10:22:49 GMT-08:00" name="VarifyAccountCreationFromMarketingPage" finished-at="2025-02-28T10:23:37 GMT-08:00" duration-ms="48189" status="PASS">
          <reporter-output>
          </reporter-output>
        </test-method> <!-- VarifyAccountCreationFromMarketingPage -->
        <test-method is-config="true" signature="closeDriver()[pri:0, instance:com.vtiger.test.scripts.ValidateAccountCreation@3c3d9b6b]" started-at="2025-02-28T10:23:38 GMT-08:00" name="closeDriver" finished-at="2025-02-28T10:23:44 GMT-08:00" duration-ms="6440" status="PASS">
          <reporter-output>
          </reporter-output>
        </test-method> <!-- closeDriver -->
      </class> <!-- com.vtiger.test.scripts.ValidateAccountCreation -->
    </test> <!-- Default test -->
  </suite> <!-- Default suite -->
</testng-results>
