<?xml version="1.0" encoding="UTF-8"?>
<testng-results ignored="0" total="1" passed="1" failed="0" skipped="0">
  <reporter-output>
  </reporter-output>
  <suite started-at="2025-06-18T22:42:42 GMT-07:00" name="Suite" finished-at="2025-06-18T22:43:20 GMT-07:00" duration-ms="37867">
    <groups>
      <group name="smoke">
        <method signature="CreateContactTest.createContactTest()[pri:0, instance:com.comcast.crm.contactTest.CreateContactTest@37883b97]" name="createContactTest" class="com.comcast.crm.contactTest.CreateContactTest"/>
      </group> <!-- smoke -->
    </groups>
    <test started-at="2025-06-18T22:42:42 GMT-07:00" name="Test" finished-at="2025-06-18T22:43:20 GMT-07:00" duration-ms="37867">
      <class name="com.comcast.crm.contactTest.CreateContactTest">
        <test-method is-config="true" signature="configBs()[pri:0, instance:com.comcast.crm.contactTest.CreateContactTest@37883b97]" started-at="2025-06-18T22:42:42 GMT-07:00" name="configBs" finished-at="2025-06-18T22:42:42 GMT-07:00" duration-ms="21" status="PASS">
          <reporter-output>
          </reporter-output>
        </test-method> <!-- configBs -->
        <test-method is-config="true" signature="configBc()[pri:0, instance:com.comcast.crm.contactTest.CreateContactTest@37883b97]" started-at="2025-06-18T22:42:42 GMT-07:00" name="configBc" finished-at="2025-06-18T22:42:47 GMT-07:00" duration-ms="4379" status="PASS">
          <reporter-output>
          </reporter-output>
        </test-method> <!-- configBc -->
        <test-method is-config="true" signature="configBm()[pri:0, instance:com.comcast.crm.contactTest.CreateContactTest@37883b97]" started-at="2025-06-18T22:42:47 GMT-07:00" name="configBm" finished-at="2025-06-18T22:43:04 GMT-07:00" duration-ms="17431" status="PASS">
          <reporter-output>
          </reporter-output>
        </test-method> <!-- configBm -->
        <test-method signature="createContactTest()[pri:0, instance:com.comcast.crm.contactTest.CreateContactTest@37883b97]" started-at="2025-06-18T22:43:04 GMT-07:00" name="createContactTest" finished-at="2025-06-18T22:43:18 GMT-07:00" duration-ms="14046" status="PASS">
          <reporter-output>
          </reporter-output>
        </test-method> <!-- createContactTest -->
        <test-method is-config="true" signature="configAm()[pri:0, instance:com.comcast.crm.contactTest.CreateContactTest@37883b97]" started-at="2025-06-18T22:43:18 GMT-07:00" name="configAm" finished-at="2025-06-18T22:43:19 GMT-07:00" duration-ms="1285" status="PASS">
          <reporter-output>
          </reporter-output>
        </test-method> <!-- configAm -->
        <test-method is-config="true" signature="configAc()[pri:0, instance:com.comcast.crm.contactTest.CreateContactTest@37883b97]" started-at="2025-06-18T22:43:19 GMT-07:00" name="configAc" finished-at="2025-06-18T22:43:20 GMT-07:00" duration-ms="610" status="PASS">
          <reporter-output>
          </reporter-output>
        </test-method> <!-- configAc -->
        <test-method is-config="true" signature="configAs()[pri:0, instance:com.comcast.crm.contactTest.CreateContactTest@37883b97]" started-at="2025-06-18T22:43:20 GMT-07:00" name="configAs" finished-at="2025-06-18T22:43:20 GMT-07:00" duration-ms="2" status="PASS">
          <reporter-output>
          </reporter-output>
        </test-method> <!-- configAs -->
      </class> <!-- com.comcast.crm.contactTest.CreateContactTest -->
    </test> <!-- Test -->
  </suite> <!-- Suite -->
</testng-results>
