<?xml version="1.0" encoding="UTF-8"?>
<testng-results ignored="0" total="1" passed="0" failed="1" skipped="0">
  <reporter-output>
  </reporter-output>
  <suite started-at="2025-07-02T04:26:20 GMT-07:00" name="Default suite" finished-at="2025-07-02T04:26:32 GMT-07:00" duration-ms="11608">
    <groups>
      <group name="smoke">
        <method signature="CreateContactTest.createContactTest()[pri:0, instance:com.comcast.crm.contactTest.CreateContactTest@38102d01]" name="createContactTest" class="com.comcast.crm.contactTest.CreateContactTest"/>
      </group> <!-- smoke -->
    </groups>
    <test started-at="2025-07-02T04:26:20 GMT-07:00" name="Default test" finished-at="2025-07-02T04:26:32 GMT-07:00" duration-ms="11608">
      <class name="com.comcast.crm.contactTest.CreateContactTest">
        <test-method is-config="true" signature="configBs()[pri:0, instance:com.comcast.crm.contactTest.CreateContactTest@38102d01]" started-at="2025-07-02T04:26:20 GMT-07:00" name="configBs" finished-at="2025-07-02T04:26:20 GMT-07:00" duration-ms="24" status="PASS">
          <reporter-output>
          </reporter-output>
        </test-method> <!-- configBs -->
        <test-method is-config="true" signature="configBc()[pri:0, instance:com.comcast.crm.contactTest.CreateContactTest@38102d01]" started-at="2025-07-02T04:26:20 GMT-07:00" name="configBc" finished-at="2025-07-02T04:26:24 GMT-07:00" duration-ms="3421" status="PASS">
          <reporter-output>
          </reporter-output>
        </test-method> <!-- configBc -->
        <test-method is-config="true" signature="configBm()[pri:0, instance:com.comcast.crm.contactTest.CreateContactTest@38102d01]" started-at="2025-07-02T04:26:24 GMT-07:00" name="configBm" finished-at="2025-07-02T04:26:30 GMT-07:00" duration-ms="5868" status="PASS">
          <reporter-output>
          </reporter-output>
        </test-method> <!-- configBm -->
        <test-method signature="createContactTest()[pri:0, instance:com.comcast.crm.contactTest.CreateContactTest@38102d01]" started-at="2025-07-02T04:26:30 GMT-07:00" name="createContactTest" finished-at="2025-07-02T04:26:30 GMT-07:00" duration-ms="51" status="FAIL">
          <exception class="java.lang.NullPointerException">
            <message>
              <![CDATA[Cannot invoke "com.aventstack.extentreports.ExtentTest.log(com.aventstack.extentreports.Status, String)" because "com.comcast.crm.listenerutility.ListImpClass.test" is null]]>
            </message>
            <full-stacktrace>
              <![CDATA[java.lang.NullPointerException: Cannot invoke "com.aventstack.extentreports.ExtentTest.log(com.aventstack.extentreports.Status, String)" because "com.comcast.crm.listenerutility.ListImpClass.test" is null
at com.comcast.crm.contactTest.CreateContactTest.createContactTest(CreateContactTest.java:46)
at java.base/jdk.internal.reflect.DirectMethodHandleAccessor.invoke(DirectMethodHandleAccessor.java:103)
at java.base/java.lang.reflect.Method.invoke(Method.java:580)
at org.testng.internal.invokers.MethodInvocationHelper.invokeMethod(MethodInvocationHelper.java:141)
at org.testng.internal.invokers.TestInvoker.invokeMethod(TestInvoker.java:687)
at org.testng.internal.invokers.TestInvoker.invokeTestMethod(TestInvoker.java:230)
at org.testng.internal.invokers.MethodRunner.runInSequence(MethodRunner.java:63)
at org.testng.internal.invokers.TestInvoker$MethodInvocationAgent.invoke(TestInvoker.java:995)
at org.testng.internal.invokers.TestInvoker.invokeTestMethods(TestInvoker.java:203)
at org.testng.internal.invokers.TestMethodWorker.invokeTestMethods(TestMethodWorker.java:154)
at org.testng.internal.invokers.TestMethodWorker.run(TestMethodWorker.java:134)
at java.base/java.util.ArrayList.forEach(ArrayList.java:1597)
at org.testng.TestRunner.privateRun(TestRunner.java:741)
at org.testng.TestRunner.run(TestRunner.java:616)
at org.testng.SuiteRunner.runTest(SuiteRunner.java:421)
at org.testng.SuiteRunner.runSequentially(SuiteRunner.java:413)
at org.testng.SuiteRunner.privateRun(SuiteRunner.java:373)
at org.testng.SuiteRunner.run(SuiteRunner.java:312)
at org.testng.SuiteRunnerWorker.runSuite(SuiteRunnerWorker.java:52)
at org.testng.SuiteRunnerWorker.run(SuiteRunnerWorker.java:95)
at org.testng.TestNG.runSuitesSequentially(TestNG.java:1274)
at org.testng.TestNG.runSuitesLocally(TestNG.java:1208)
at org.testng.TestNG.runSuites(TestNG.java:1112)
at org.testng.TestNG.run(TestNG.java:1079)
at org.testng.remote.AbstractRemoteTestNG.run(AbstractRemoteTestNG.java:115)
at org.testng.remote.RemoteTestNG.initAndRun(RemoteTestNG.java:293)
at org.testng.remote.RemoteTestNG.main(RemoteTestNG.java:91)
]]>
            </full-stacktrace>
          </exception> <!-- java.lang.NullPointerException -->
          <reporter-output>
          </reporter-output>
        </test-method> <!-- createContactTest -->
        <test-method is-config="true" signature="configAm()[pri:0, instance:com.comcast.crm.contactTest.CreateContactTest@38102d01]" started-at="2025-07-02T04:26:30 GMT-07:00" name="configAm" finished-at="2025-07-02T04:26:31 GMT-07:00" duration-ms="1547" status="PASS">
          <reporter-output>
          </reporter-output>
        </test-method> <!-- configAm -->
        <test-method is-config="true" signature="configAc()[pri:0, instance:com.comcast.crm.contactTest.CreateContactTest@38102d01]" started-at="2025-07-02T04:26:31 GMT-07:00" name="configAc" finished-at="2025-07-02T04:26:32 GMT-07:00" duration-ms="596" status="PASS">
          <reporter-output>
          </reporter-output>
        </test-method> <!-- configAc -->
        <test-method is-config="true" signature="configAs()[pri:0, instance:com.comcast.crm.contactTest.CreateContactTest@38102d01]" started-at="2025-07-02T04:26:32 GMT-07:00" name="configAs" finished-at="2025-07-02T04:26:32 GMT-07:00" duration-ms="5" status="PASS">
          <reporter-output>
          </reporter-output>
        </test-method> <!-- configAs -->
      </class> <!-- com.comcast.crm.contactTest.CreateContactTest -->
    </test> <!-- Default test -->
  </suite> <!-- Default suite -->
</testng-results>
